
2019-11-05 16:54:11 INFO  ObjectSender:52 - JCG sending@@ 'Item{name='book', year=2019, price=199.99}'
2019-11-05 17:03:32 INFO  ConsumerMessageListener:20 - Consumer received lCMmhHixro
2019-11-05 17:03:32 INFO  ConsumerMessageListener:20 - Consumer received SEXScrGtHJ
2019-11-05 17:03:32 INFO  ConsumerMessageListener:20 - Consumer received wRJLPzXBea
2019-11-05 17:03:32 INFO  ConsumerMessageListener:20 - Consumer received rzXqAzHmdu
2019-11-05 17:03:32 INFO  ConsumerMessageListener:20 - Consumer received sjNVWgpTAJ
2019-11-05 17:03:32 INFO  ConsumerMessageListener:20 - Consumer received hPbZeOicng
2019-11-05 17:03:32 INFO  ConsumerMessageListener:20 - Consumer received aRVpRIPzTb
2019-11-05 17:03:32 INFO  ConsumerMessageListener:20 - Consumer received nqsJAwDlrT
2019-11-05 17:05:12 INFO  ConsumerMessageListener:20 - Consumer received dPlBOXBmIK
2019-11-05 17:05:12 INFO  ConsumerMessageListener:20 - Consumer received raetvhEjTD
2019-11-05 17:05:12 INFO  ConsumerMessageListener:20 - Consumer received YziqWVjrBh
2019-11-05 17:05:12 INFO  ConsumerMessageListener:20 - Consumer received epIGtWGHeW
2019-11-05 17:05:56 INFO  ObjectSender:52 - JCG sending@@ 'Item{name='book', year=2019, price=199.99}'
2019-11-05 17:07:35 INFO  ConsumerMessageListener:20 - Consumer received EkRvxmpsEy
2019-11-05 17:07:35 INFO  ConsumerMessageListener:20 - Consumer received ktmEXrcGxF
2019-11-05 17:07:35 INFO  ConsumerMessageListener:20 - Consumer received bQrduJHqfT
2019-11-05 17:07:35 INFO  ConsumerMessageListener:20 - Consumer received ihmJxEQDKN
2019-11-05 17:07:35 INFO  ConsumerMessageListener:20 - Consumer received GctIXXwGQs
2019-11-05 17:07:35 INFO  ConsumerMessageListener:20 - Consumer received yvACOGmIeL
2019-11-05 17:07:35 INFO  ConsumerMessageListener:20 - Consumer received uektOPEhnN
2019-11-05 17:07:35 INFO  ConsumerMessageListener:20 - Consumer received NqGclKZTtE
2019-11-05 17:07:35 INFO  ConsumerMessageListener:20 - Consumer received nrUXlIcqIj
2019-11-05 17:07:35 INFO  ConsumerMessageListener:20 - Consumer received BQMCdUejtq
2019-11-05 17:07:35 INFO  ConsumerMessageListener:20 - Consumer received XXdHfSoeNA
2019-11-05 17:07:35 INFO  ConsumerMessageListener:20 - Consumer received ZOZGwhsTUe
2019-11-05 17:07:35 INFO  ConsumerMessageListener:20 - Consumer received IjHtyFknQq
2019-11-05 17:07:35 INFO  ConsumerMessageListener:20 - Consumer received RXsinhQzYQ
2019-11-05 17:07:35 INFO  ConsumerMessageListener:20 - Consumer received BaZzCWjOyM
2019-11-05 17:07:35 INFO  ConsumerMessageListener:20 - Consumer received KITJAyIlyJ
2019-11-05 17:07:35 INFO  ConsumerMessageListener:20 - Consumer received WXbbxammKK
2019-11-05 17:07:35 INFO  ConsumerMessageListener:20 - Consumer received NTzeqTLWxp
2019-11-05 17:07:35 INFO  ConsumerMessageListener:20 - Consumer received SxYsVOuPwT
2019-11-05 17:07:35 INFO  ConsumerMessageListener:20 - Consumer received gSnewhfLqU
2019-11-05 17:07:35 INFO  ConsumerMessageListener:20 - Consumer received DyFxpwnIpp
2019-11-05 17:07:35 INFO  ConsumerMessageListener:20 - Consumer received zelcbTbyJj
2019-11-05 17:07:35 INFO  ConsumerMessageListener:20 - Consumer received MUCqiFHZbb
2019-11-05 17:07:35 INFO  ConsumerMessageListener:20 - Consumer received kvfezImpOg
2019-11-05 17:07:35 INFO  ConsumerMessageListener:20 - Consumer received JgBhrWEvXG
2019-11-05 17:07:35 INFO  ConsumerMessageListener:20 - Consumer received QZxiEaLpak
2019-11-05 17:07:35 INFO  ConsumerMessageListener:20 - Consumer received URZQRkvjCd
2019-11-05 17:07:35 INFO  ConsumerMessageListener:20 - Consumer received hQllVLitQm
2019-11-05 17:07:35 INFO  ConsumerMessageListener:20 - Consumer received xvvspACRKo
2019-11-05 17:07:35 INFO  ConsumerMessageListener:20 - Consumer received KNmphCriGa
2019-11-05 17:07:35 INFO  ConsumerMessageListener:20 - Consumer received eEwKDRpJYf
2019-11-05 17:07:35 INFO  ConsumerMessageListener:20 - Consumer received MDjBaADzxY
2019-11-05 17:07:35 INFO  ConsumerMessageListener:20 - Consumer received IKUHJdcNso
2019-11-05 17:07:35 INFO  ConsumerMessageListener:20 - Consumer received LvUeJOjJJR
2019-11-05 17:07:35 INFO  ConsumerMessageListener:20 - Consumer received aoDDeQiXKd
2019-11-05 17:07:35 INFO  ConsumerMessageListener:20 - Consumer received KdHLcyIFnx
2019-11-05 17:07:35 INFO  ConsumerMessageListener:20 - Consumer received XZeXPKCMOD
2019-11-05 17:07:35 INFO  ConsumerMessageListener:20 - Consumer received dzFvmaJhLE
2019-11-05 17:07:35 INFO  ConsumerMessageListener:20 - Consumer received tuohOQWxao
2019-11-05 17:07:35 INFO  ConsumerMessageListener:20 - Consumer received TvQiJKFfXn
2019-11-05 17:07:35 INFO  ConsumerMessageListener:20 - Consumer received qrswKpctKN
2019-11-05 17:07:35 INFO  ConsumerMessageListener:20 - Consumer received PFKOHukCJJ
2019-11-05 17:07:35 INFO  ConsumerMessageListener:20 - Consumer received jWlpSREdZQ
2019-11-05 17:07:35 INFO  ConsumerMessageListener:20 - Consumer received UHgBoMJavX
2019-11-05 17:07:35 INFO  ConsumerMessageListener:20 - Consumer received WyAVOleMSJ
2019-11-05 17:07:35 INFO  ConsumerMessageListener:20 - Consumer received faBtHijgQi
2019-11-05 17:07:35 INFO  ConsumerMessageListener:20 - Consumer received ZRAivgiHDG
2019-11-05 17:07:35 INFO  ConsumerMessageListener:20 - Consumer received irZvgHwNQH
2019-11-05 17:07:35 INFO  ConsumerMessageListener:20 - Consumer received ompwePCQCF
2019-11-05 17:07:35 INFO  ConsumerMessageListener:20 - Consumer received bruiXyanRd
2019-11-05 17:07:35 INFO  ConsumerMessageListener:20 - Consumer received QEmSKiDyvi
2019-11-05 17:07:35 INFO  ConsumerMessageListener:20 - Consumer received oxdomEWFeY
2019-11-05 17:07:35 INFO  ConsumerMessageListener:20 - Consumer received lHKpObRaKK
2019-11-05 17:07:35 INFO  ConsumerMessageListener:20 - Consumer received RNjnRfKADz
2019-11-05 17:07:35 INFO  ConsumerMessageListener:20 - Consumer received OHmHUqxHSl
2019-11-05 17:07:35 INFO  ConsumerMessageListener:20 - Consumer received WiQmBysQDy
2019-11-05 17:07:35 INFO  ConsumerMessageListener:20 - Consumer received bEJmgewMva
2019-11-05 17:07:35 INFO  ConsumerMessageListener:20 - Consumer received NLaejuZIrh
2019-11-05 17:07:35 INFO  ConsumerMessageListener:20 - Consumer received SzEOBZRNvl
2019-11-05 17:07:35 INFO  ConsumerMessageListener:20 - Consumer received cmVUuvOGVb
2019-11-05 17:07:35 INFO  ConsumerMessageListener:20 - Consumer received yDTCraEsIk
2019-11-05 17:07:35 INFO  ConsumerMessageListener:20 - Consumer received PhtLKShMNr
2019-11-05 17:07:35 INFO  ConsumerMessageListener:20 - Consumer received TJJQzRknYv
2019-11-05 17:07:35 INFO  ConsumerMessageListener:20 - Consumer received iUlhbnbchw
2019-11-05 17:07:35 INFO  ConsumerMessageListener:20 - Consumer received eAnqHoHsvn
2019-11-05 17:07:35 INFO  ConsumerMessageListener:20 - Consumer received jblpMDUtlE
2019-11-05 17:07:35 INFO  ConsumerMessageListener:20 - Consumer received wfJgpCBGZa
2019-11-05 17:07:35 INFO  ConsumerMessageListener:20 - Consumer received vjfXgAZOAw
2019-11-05 17:07:35 INFO  ConsumerMessageListener:20 - Consumer received ShHHSeAaft
2019-11-05 17:07:35 INFO  ConsumerMessageListener:20 - Consumer received AAJRRxmkVV
2019-11-05 17:07:35 INFO  ConsumerMessageListener:20 - Consumer received VTkKKmcisp
2019-11-05 17:07:35 INFO  ConsumerMessageListener:20 - Consumer received FRnfSjHOER
2019-11-05 17:07:35 INFO  ConsumerMessageListener:20 - Consumer received iWwVHASuDC
2019-11-05 17:07:35 INFO  ConsumerMessageListener:20 - Consumer received hsGusAggbA
2019-11-05 17:07:35 INFO  ConsumerMessageListener:20 - Consumer received vRleJIMQnr
2019-11-05 17:07:35 INFO  ConsumerMessageListener:20 - Consumer received jOeRbNJOIP
2019-11-05 17:07:35 INFO  ConsumerMessageListener:20 - Consumer received ONIDjsxgCG
2019-11-05 17:07:35 INFO  ConsumerMessageListener:20 - Consumer received aRKTzZMbDx
2019-11-05 17:07:35 INFO  ConsumerMessageListener:20 - Consumer received nRicOHpQXK
2019-11-05 17:07:35 INFO  ConsumerMessageListener:20 - Consumer received gCytYfBCjh
2019-11-05 17:07:35 INFO  ConsumerMessageListener:20 - Consumer received bXjzzzsbQD
2019-11-05 17:07:35 INFO  ConsumerMessageListener:20 - Consumer received vZFLDRVlxL
2019-11-05 17:07:35 INFO  ConsumerMessageListener:20 - Consumer received KWjlCBVzMR
2019-11-05 17:07:35 INFO  ConsumerMessageListener:20 - Consumer received WsbPMDbrQa
2019-11-05 17:07:35 INFO  ConsumerMessageListener:20 - Consumer received pCaMEQzdLM
2019-11-05 17:07:35 INFO  ConsumerMessageListener:20 - Consumer received pCWqsCcSQN
2019-11-05 17:07:35 INFO  ConsumerMessageListener:20 - Consumer received IggLjGleYo
2019-11-05 17:07:35 INFO  ConsumerMessageListener:20 - Consumer received JpTZgoittl
2019-11-05 17:07:35 INFO  ConsumerMessageListener:20 - Consumer received JNtxfjJnyG
2019-11-05 17:07:35 INFO  ConsumerMessageListener:20 - Consumer received LkRGxIwyTP
2019-11-05 17:07:35 INFO  ConsumerMessageListener:20 - Consumer received uIVMhVvitD
2019-11-05 17:07:35 INFO  ConsumerMessageListener:20 - Consumer received mYNfahzYNC
2019-11-05 17:07:35 INFO  ConsumerMessageListener:20 - Consumer received hAycHFkPkw
2019-11-05 17:07:35 INFO  ConsumerMessageListener:20 - Consumer received wAHMIELcDK
2019-11-05 17:07:35 INFO  ConsumerMessageListener:20 - Consumer received byHynhMTnk
2019-11-05 17:07:35 INFO  ConsumerMessageListener:20 - Consumer received RvnIopsacn
2019-11-05 17:07:35 INFO  ConsumerMessageListener:20 - Consumer received DjBSAcropy
2019-11-05 17:07:35 INFO  ConsumerMessageListener:20 - Consumer received BYJAqPlCrP
2019-11-05 17:07:35 INFO  ConsumerMessageListener:20 - Consumer received PGlexgrvzG
2019-11-05 17:07:35 INFO  ConsumerMessageListener:20 - Consumer received OSDgJnYMnv
2019-11-05 17:07:35 INFO  ConsumerMessageListener:20 - Consumer received cygiYaixdG
2019-11-05 17:07:35 INFO  ConsumerMessageListener:20 - Consumer received HRUBTZWKhM
2019-11-05 17:07:35 INFO  ConsumerMessageListener:20 - Consumer received cXYlPAMfcr
2019-11-05 17:07:35 INFO  ConsumerMessageListener:20 - Consumer received KPfjgjZYgC
2019-11-05 17:07:35 INFO  ConsumerMessageListener:20 - Consumer received uSsrzzlYpX
2019-11-05 17:07:35 INFO  ConsumerMessageListener:20 - Consumer received OHleSKYqJq
2019-11-05 17:07:35 INFO  ConsumerMessageListener:20 - Consumer received DdhBgQwKLb
2019-11-05 17:07:35 INFO  ConsumerMessageListener:20 - Consumer received OXTkDOmlzr
2019-11-05 17:07:35 INFO  ConsumerMessageListener:20 - Consumer received IMHURMffLe
2019-11-05 17:07:35 INFO  ConsumerMessageListener:20 - Consumer received LtpzXKEXlo
2019-11-05 17:07:35 INFO  ConsumerMessageListener:20 - Consumer received TbKFRgaUbe
2019-11-05 17:07:35 INFO  ConsumerMessageListener:20 - Consumer received NOdtrGRbQn
2019-11-05 17:07:35 INFO  ConsumerMessageListener:20 - Consumer received OyzizFOPxB
2019-11-05 17:07:35 INFO  ConsumerMessageListener:20 - Consumer received nmZsDWLDsZ
2019-11-05 17:07:35 INFO  ConsumerMessageListener:20 - Consumer received AffmIupjRP
2019-11-05 17:07:35 INFO  ConsumerMessageListener:20 - Consumer received BIqMvZJlSP
2019-11-05 17:07:35 INFO  ConsumerMessageListener:20 - Consumer received zlOqzKVYqo
2019-11-05 17:07:35 INFO  ConsumerMessageListener:20 - Consumer received DGqRAhdIPG
2019-11-05 17:07:35 INFO  ConsumerMessageListener:20 - Consumer received SVwbSmfvCb
2019-11-05 17:07:35 INFO  ConsumerMessageListener:20 - Consumer received ltmoaaDFKY
2019-11-05 17:07:35 INFO  ConsumerMessageListener:20 - Consumer received uiDczNJFbK
2019-11-05 17:07:35 INFO  ConsumerMessageListener:20 - Consumer received TgjtxfoLuc
2019-11-05 17:07:35 INFO  ConsumerMessageListener:20 - Consumer received AkHRkpFuYN
2019-11-05 17:07:35 INFO  ConsumerMessageListener:20 - Consumer received SMnVZRYWrz
2019-11-05 17:07:35 INFO  ConsumerMessageListener:20 - Consumer received fKvzZLiMbD
2019-11-05 17:07:35 INFO  ConsumerMessageListener:20 - Consumer received PQeXtFTrBy
2019-11-05 17:07:35 INFO  ConsumerMessageListener:20 - Consumer received GkBxPygyoz
2019-11-05 17:07:35 INFO  ConsumerMessageListener:20 - Consumer received jMgqmxGLaB
2019-11-05 17:07:35 INFO  ConsumerMessageListener:20 - Consumer received PVGyMMrMTU
2019-11-05 17:07:35 INFO  ConsumerMessageListener:20 - Consumer received HCuSDztofx
2019-11-05 17:07:35 INFO  ConsumerMessageListener:20 - Consumer received FtuewFWnBB
2019-11-05 17:07:35 INFO  ConsumerMessageListener:20 - Consumer received iMabFziyrk
2019-11-05 17:07:35 INFO  ConsumerMessageListener:20 - Consumer received DRxAmPMavh
2019-11-05 17:07:35 INFO  ConsumerMessageListener:20 - Consumer received IeAJTiEMbs
2019-11-05 17:07:35 INFO  ConsumerMessageListener:20 - Consumer received YyGnTZARnr
2019-11-05 17:07:35 INFO  ConsumerMessageListener:20 - Consumer received mQkdacAkwP
2019-11-05 17:07:35 INFO  ConsumerMessageListener:20 - Consumer received rZTzPUmoyV
2019-11-05 17:07:35 INFO  ConsumerMessageListener:20 - Consumer received PXYJALoPzZ
2019-11-05 17:07:35 INFO  ConsumerMessageListener:20 - Consumer received sPUzNkJYbb
2019-11-05 17:07:35 INFO  ConsumerMessageListener:20 - Consumer received cVfAQQNmdL
2019-11-05 17:07:35 INFO  ConsumerMessageListener:20 - Consumer received qxXPHrXkeZ
2019-11-05 17:07:35 INFO  ConsumerMessageListener:20 - Consumer received LGbQASQjsi
2019-11-05 17:07:35 INFO  ConsumerMessageListener:20 - Consumer received cBommBkijz
2019-11-05 17:07:35 INFO  ConsumerMessageListener:20 - Consumer received Zjskowkpay
2019-11-05 17:07:35 INFO  ConsumerMessageListener:20 - Consumer received YDKyOPytem
2019-11-05 17:07:35 INFO  ConsumerMessageListener:20 - Consumer received yYeUFksPWC
2019-11-05 17:07:35 INFO  ConsumerMessageListener:20 - Consumer received iuiKYFWmVj
2019-11-05 17:07:35 INFO  ConsumerMessageListener:20 - Consumer received AqMTvwclMZ
2019-11-05 17:07:35 INFO  ConsumerMessageListener:20 - Consumer received uuKSJznfzc
2019-11-05 17:07:35 INFO  ConsumerMessageListener:20 - Consumer received mCJdZDXalM
2019-11-05 17:07:35 INFO  ConsumerMessageListener:20 - Consumer received SwAAqxwIZD
2019-11-05 17:07:35 INFO  ConsumerMessageListener:20 - Consumer received xSBklWdEwR
2019-11-05 17:07:35 INFO  ConsumerMessageListener:20 - Consumer received axAaMTgOPU
2019-11-05 17:07:35 INFO  ConsumerMessageListener:20 - Consumer received UmECedCmsJ
2019-11-05 17:07:35 INFO  ConsumerMessageListener:20 - Consumer received QYCbanTmSK
2019-11-05 17:07:35 INFO  ConsumerMessageListener:20 - Consumer received rWalRVsqQV
2019-11-05 17:07:35 INFO  ConsumerMessageListener:20 - Consumer received ejKzbhBOQp
2019-11-05 17:07:35 INFO  ConsumerMessageListener:20 - Consumer received eGPBrstgEH
2019-11-05 17:07:35 INFO  ConsumerMessageListener:20 - Consumer received cKExoZLfJS
2019-11-05 17:07:35 INFO  ConsumerMessageListener:20 - Consumer received KFRAvdGHaT
2019-11-05 17:07:35 INFO  ConsumerMessageListener:20 - Consumer received AoiMbWqWoV
2019-11-05 17:07:35 INFO  ConsumerMessageListener:20 - Consumer received hiBoKDNcqN
2019-11-05 17:07:35 INFO  ConsumerMessageListener:20 - Consumer received THzHSbGNSR
2019-11-05 17:07:35 INFO  ConsumerMessageListener:20 - Consumer received YXMxiaOgNL
2019-11-05 17:07:35 INFO  ConsumerMessageListener:20 - Consumer received nUAlNSDpuR
2019-11-05 17:07:35 INFO  ConsumerMessageListener:20 - Consumer received AqDagbkkly
2019-11-05 17:07:35 INFO  ConsumerMessageListener:20 - Consumer received bFrFpfFQiL
2019-11-05 17:07:35 INFO  ConsumerMessageListener:20 - Consumer received quljNBofEM
2019-11-05 17:07:35 INFO  ConsumerMessageListener:20 - Consumer received AdqOosNdle
2019-11-05 17:07:35 INFO  ConsumerMessageListener:20 - Consumer received PaCzAgodrL
2019-11-05 17:07:35 INFO  ConsumerMessageListener:20 - Consumer received gHzvvsLGfp
2019-11-05 17:07:35 INFO  ConsumerMessageListener:20 - Consumer received nAEZVHJhUD
2019-11-05 17:07:35 INFO  ConsumerMessageListener:20 - Consumer received UAbTtBwMgz
2019-11-05 17:07:35 INFO  ConsumerMessageListener:20 - Consumer received yhpRGnNCRr
2019-11-05 17:07:35 INFO  ConsumerMessageListener:20 - Consumer received qlAwmHUyPx
2019-11-05 17:07:35 INFO  ConsumerMessageListener:20 - Consumer received FigYnyshxT
2019-11-05 17:07:35 INFO  ConsumerMessageListener:20 - Consumer received xmGxkmaltQ
2019-11-05 17:07:35 INFO  ConsumerMessageListener:20 - Consumer received WbsVwZCbRd
2019-11-05 17:07:35 INFO  ConsumerMessageListener:20 - Consumer received pIGxijDMve
2019-11-05 17:07:35 INFO  ConsumerMessageListener:20 - Consumer received GMeGSHjBdC
2019-11-05 17:07:35 INFO  ConsumerMessageListener:20 - Consumer received BCXAfZeMgu
2019-11-05 17:07:35 INFO  ConsumerMessageListener:20 - Consumer received ciOxnKlWQG
2019-11-05 17:07:35 INFO  ConsumerMessageListener:20 - Consumer received JYGpnDUDgH
2019-11-05 17:07:35 INFO  ConsumerMessageListener:20 - Consumer received IVbumQdKfr
2019-11-05 17:07:35 INFO  ConsumerMessageListener:20 - Consumer received FqnSrGoJLe
2019-11-05 17:07:35 INFO  ConsumerMessageListener:20 - Consumer received ExVRrfXqRh
2019-11-05 17:07:35 INFO  ConsumerMessageListener:20 - Consumer received AWlFNrFUSb
2019-11-05 17:07:35 INFO  ConsumerMessageListener:20 - Consumer received uChePqWPIe
2019-11-05 17:07:35 INFO  ConsumerMessageListener:20 - Consumer received mzLcWXNPsW
2019-11-05 17:07:35 INFO  ConsumerMessageListener:20 - Consumer received gtXQMxWGYk
2019-11-05 17:07:35 INFO  ConsumerMessageListener:20 - Consumer received OiegrsCTLH
2019-11-05 17:07:35 INFO  ConsumerMessageListener:20 - Consumer received KItyBqnSRv
2019-11-05 17:07:35 INFO  ConsumerMessageListener:20 - Consumer received YsczaDPQvy
2019-11-05 17:07:35 INFO  ConsumerMessageListener:20 - Consumer received AtsBIkjdQf
2019-11-05 17:07:35 INFO  ConsumerMessageListener:20 - Consumer received smaIpCqDsF
2019-11-05 17:07:35 INFO  ConsumerMessageListener:20 - Consumer received uyJHEgCZHX
2019-11-05 17:07:35 INFO  ConsumerMessageListener:20 - Consumer received wyuXZoRXPn
2019-11-05 17:07:35 INFO  ConsumerMessageListener:20 - Consumer received KYkmqxokQu
2019-11-05 17:07:35 INFO  ConsumerMessageListener:20 - Consumer received xjeVDPWfLF
2019-11-05 17:07:35 INFO  ConsumerMessageListener:20 - Consumer received RpDohmClOS
2019-11-05 17:07:35 INFO  ConsumerMessageListener:20 - Consumer received NNwCvmLBUT
2019-11-05 17:07:35 INFO  ConsumerMessageListener:20 - Consumer received NltveCEnlM
2019-11-05 17:07:35 INFO  ConsumerMessageListener:20 - Consumer received iiQEAAQqgo
2019-11-05 17:12:23 INFO  ObjectSender:52 - JCG sending@@ 'Item{name='book', year=2019, price=199.99}'
2019-11-05 17:12:39 INFO  ConsumerMessageListener:41 - Consumer received ActiveMQObjectMessage {commandId = 5, responseRequired = true, messageId = ID:macmini556-61313-1572966743161-1:1:1:1:1, originalDestination = null, originalTransactionId = null, producerId = ID:macmini556-61313-1572966743161-1:1:1:1, destination = queue://JCG_QUEUE, transactionId = null, expiration = 0, timestamp = 1572966743361, arrival = 0, brokerInTime = 1572966743362, brokerOutTime = 1572966759560, correlationId = null, replyTo = null, persistent = true, type = null, priority = 4, groupID = null, groupSequence = 0, targetConsumerId = null, compressed = false, userID = null, content = org.apache.activemq.util.ByteSequence@461fd0ea, marshalledProperties = null, dataStructure = null, redeliveryCounter = 0, size = 0, properties = null, readOnlyProperties = true, readOnlyBody = true, droppable = false, jmsXGroupFirstForConsumer = false}
2019-11-05 17:14:12 INFO  ObjectSender:52 - JCG sending@@ 'Item{name='book', year=2019, price=199.99}'
2019-11-05 17:17:56 INFO  ObjectSender:52 - JCG sending@@ 'Item{name='book', year=2019, price=199.99}'
2019-11-05 17:18:21 ERROR ConsumerMessageListener:39 - javax.jms.JMSException: Failed to build body from content. Serializable class not available to broker. Reason: java.lang.ClassNotFoundException: Forbidden class tkhal.boot.activemq.activeMqExample.Item! This class is not trusted to be serialized as ObjectMessage payload. Please take a look at http://activemq.apache.org/objectmessage.html for more information on how to configure trusted classes.
2019-11-05 17:18:21 ERROR ConsumerMessageListener:39 - javax.jms.JMSException: Failed to build body from content. Serializable class not available to broker. Reason: java.lang.ClassNotFoundException: Forbidden class tkhal.boot.activemq.activeMqExample.Item! This class is not trusted to be serialized as ObjectMessage payload. Please take a look at http://activemq.apache.org/objectmessage.html for more information on how to configure trusted classes.
2019-11-05 17:25:33 INFO  ObjectSender:52 - JCG sending@@ 'Item{name='book', year=2019, price=199.99}'
2019-11-05 17:28:16 INFO  ObjectSender:52 - JCG sending@@ 'Item{name='book', year=2019, price=199.99}'
2019-11-05 18:25:13 ERROR ConsumerMessageListener:39 - javax.jms.JMSException: Failed to build body from content. Serializable class not available to broker. Reason: java.lang.ClassNotFoundException: Forbidden class tkhal.boot.activemq.activeMqExample.Item! This class is not trusted to be serialized as ObjectMessage payload. Please take a look at http://activemq.apache.org/objectmessage.html for more information on how to configure trusted classes.
2019-11-05 18:25:13 ERROR ConsumerMessageListener:39 - javax.jms.JMSException: Failed to build body from content. Serializable class not available to broker. Reason: java.lang.ClassNotFoundException: Forbidden class tkhal.boot.activemq.activeMqExample.Item! This class is not trusted to be serialized as ObjectMessage payload. Please take a look at http://activemq.apache.org/objectmessage.html for more information on how to configure trusted classes.
